
> client@0.1.0 dev
> next dev

⚠ Warning: Next.js inferred your workspace root, but it may not be correct.
 We detected multiple lockfiles and selected the directory of /home/udorakpuenyi/amafor/package-lock.json as the root directory.
 To silence this warning, set `turbopack.root` in your Next.js config, or consider removing one of the lockfiles if it's not needed.
   See https://nextjs.org/docs/app/api-reference/config/next-config-js/turbopack#root-directory for more information.
 Detected additional lockfiles: 
   * /home/udorakpuenyi/amafor/client/package-lock.json

▲ Next.js 16.1.1 (Turbopack)
- Local:         http://localhost:3000
- Network:       http://192.168.1.21:3000
- Environments: .env.local

✓ Starting...
✓ Ready in 78.9s
○ Compiling /dashboard/admin ...
 GET /dashboard/admin 200 in 24.0s (compile: 22.7s, render: 1338ms)
 GET /dashboard/admin 200 in 352ms (compile: 33ms, render: 319ms)
○ Compiling /dashboard/admin/settings ...
 GET /dashboard/admin/settings 200 in 6.8s (compile: 6.6s, render: 198ms)
 GET /dashboard/admin 200 in 239ms (compile: 10ms, render: 229ms)
 GET /dashboard/admin/settings 200 in 515ms (compile: 38ms, render: 477ms)
 GET /dashboard/admin 200 in 273ms (compile: 12ms, render: 260ms)
 GET /dashboard/admin/settings 200 in 253ms (compile: 9ms, render: 243ms)
 GET /dashboard/admin 200 in 230ms (compile: 14ms, render: 215ms)
 GET /dashboard/admin/audit 200 in 2.3s (compile: 1469ms, render: 791ms)
 GET /dashboard/admin 200 in 210ms (compile: 8ms, render: 201ms)
 GET /dashboard/admin/audit 200 in 259ms (compile: 15ms, render: 244ms)
 GET /dashboard/admin 200 in 280ms (compile: 12ms, render: 269ms)
 GET /dashboard/admin/backups 200 in 1735ms (compile: 1502ms, render: 233ms)
 GET /dashboard/admin 200 in 194ms (compile: 14ms, render: 180ms)
 GET /dashboard/admin/backups 200 in 174ms (compile: 6ms, render: 169ms)
 GET /dashboard/admin 200 in 245ms (compile: 10ms, render: 235ms)
 GET /dashboard/admin/notifications 200 in 1103ms (compile: 897ms, render: 206ms)
 GET /dashboard/admin 200 in 235ms (compile: 26ms, render: 209ms)
 GET /dashboard/admin/notifications 200 in 187ms (compile: 17ms, render: 170ms)
 GET /dashboard/admin 200 in 181ms (compile: 10ms, render: 171ms)
 GET /dashboard/admin/health 200 in 1635ms (compile: 1389ms, render: 245ms)
 GET /dashboard/admin 200 in 250ms (compile: 35ms, render: 215ms)
 GET /dashboard/admin/settings/retention 200 in 1114ms (compile: 892ms, render: 222ms)
 GET /dashboard/admin 200 in 166ms (compile: 8ms, render: 158ms)
 GET /dashboard/admin/users 200 in 1219ms (compile: 906ms, render: 314ms)
 GET /dashboard/admin 200 in 158ms (compile: 9ms, render: 149ms)
 GET /dashboard/admin/users 200 in 273ms (compile: 7ms, render: 266ms)
 GET /dashboard/admin/users/invite 200 in 1517ms (compile: 1402ms, render: 115ms)
 GET /dashboard/admin 200 in 164ms (compile: 8ms, render: 156ms)
 GET /dashboard/admin/players 200 in 1508ms (compile: 1254ms, render: 254ms)
 GET /dashboard/admin/players/new 200 in 1317ms (compile: 1213ms, render: 104ms)
 GET /dashboard/admin 200 in 172ms (compile: 8ms, render: 164ms)
 GET /dashboard/admin/players 200 in 401ms (compile: 11ms, render: 390ms)
 GET /dashboard/admin 200 in 233ms (compile: 126ms, render: 107ms)
 GET /__/fonts/FiraCode-VF.woff2 404 in 3.0s (compile: 2.6s, render: 440ms)
 GET /dashboard/admin/scouts 200 in 931ms (compile: 763ms, render: 168ms)
 GET /dashboard/admin 200 in 123ms (compile: 6ms, render: 118ms)
○ Compiling /dashboard/admin/coaches ...
 GET /dashboard/admin/coaches 200 in 4.9s (compile: 4.7s, render: 268ms)
 GET /dashboard/admin 200 in 179ms (compile: 8ms, render: 170ms)
 GET /dashboard/admin/advertisers 200 in 1273ms (compile: 1064ms, render: 210ms)
 GET /dashboard/admin 200 in 218ms (compile: 10ms, render: 209ms)
 GET /__/fonts/FiraCode-VF.woff2 404 in 247ms (compile: 40ms, render: 207ms)
 GET /dashboard/admin 200 in 146ms (compile: 6ms, render: 140ms)
 GET /dashboard/admin/subscriptions 200 in 1159ms (compile: 955ms, render: 204ms)
○ Compiling /dashboard/admin/subscriptions/new ...
 GET /dashboard/admin/subscriptions/new 200 in 16.6s (compile: 16.5s, render: 114ms)
 GET /dashboard/admin 200 in 109ms (compile: 7ms, render: 102ms)
 GET /dashboard/admin/subscriptions 200 in 133ms (compile: 9ms, render: 123ms)
 GET /dashboard/admin/subscriptions 200 in 149ms (compile: 6ms, render: 143ms)
 GET /dashboard/admin/rss-feeds 200 in 1920ms (compile: 1536ms, render: 383ms)
 GET /dashboard/admin/rss-feeds/new 200 in 1387ms (compile: 1250ms, render: 138ms)
 GET /dashboard/admin/rss-feeds 200 in 380ms (compile: 20ms, render: 360ms)
 GET /dashboard/admin/disputes 200 in 1107ms (compile: 643ms, render: 464ms)
 GET /dashboard/admin/disputes 200 in 280ms (compile: 15ms, render: 265ms)
 GET /dashboard/admin 200 in 227ms (compile: 9ms, render: 218ms)
 GET /dashboard/admin 200 in 214ms (compile: 8ms, render: 206ms)
 GET /dashboard/admin/settings 200 in 127ms (compile: 25ms, render: 102ms)
 GET /dashboard/admin 200 in 164ms (compile: 12ms, render: 152ms)
 GET /dashboard/admin/settings 200 in 140ms (compile: 6ms, render: 134ms)
 GET /dashboard/admin 200 in 136ms (compile: 6ms, render: 130ms)
 GET /dashboard/admin/settings 200 in 209ms (compile: 11ms, render: 198ms)
 GET /dashboard/admin 200 in 219ms (compile: 8ms, render: 211ms)
 GET /dashboard/admin/audit 200 in 230ms (compile: 17ms, render: 213ms)
 GET /dashboard/admin 200 in 155ms (compile: 8ms, render: 147ms)
 GET /dashboard/admin/audit 200 in 202ms (compile: 14ms, render: 188ms)
 GET /dashboard/admin 200 in 150ms (compile: 12ms, render: 138ms)
 GET /dashboard/admin/backups 200 in 167ms (compile: 12ms, render: 155ms)
 GET /dashboard/admin 200 in 139ms (compile: 13ms, render: 126ms)
 GET /dashboard/admin/backups 200 in 221ms (compile: 9ms, render: 213ms)
 GET /dashboard/admin 200 in 132ms (compile: 6ms, render: 126ms)
 GET /dashboard/admin/notifications 200 in 174ms (compile: 15ms, render: 159ms)
 GET /dashboard/admin 200 in 278ms (compile: 19ms, render: 258ms)
 GET /dashboard/admin/notifications 200 in 218ms (compile: 14ms, render: 204ms)
 GET /dashboard/admin 200 in 140ms (compile: 6ms, render: 134ms)
 GET /dashboard/admin/health 200 in 521ms (compile: 281ms, render: 240ms)
 GET /dashboard/admin 200 in 113ms (compile: 5ms, render: 108ms)
 GET /dashboard/admin/settings/retention 200 in 238ms (compile: 45ms, render: 193ms)
 GET /dashboard/admin 200 in 146ms (compile: 7ms, render: 139ms)
 GET /dashboard/admin/users 200 in 184ms (compile: 11ms, render: 173ms)
 GET /dashboard/admin 200 in 193ms (compile: 9ms, render: 185ms)
 GET /dashboard/admin/users 200 in 153ms (compile: 7ms, render: 146ms)
 GET /dashboard/admin/users/invite 200 in 218ms (compile: 125ms, render: 93ms)
 GET /dashboard/admin 200 in 144ms (compile: 6ms, render: 138ms)
 GET /dashboard/admin/players 200 in 128ms (compile: 10ms, render: 118ms)
 GET /dashboard/admin/players/new 200 in 163ms (compile: 33ms, render: 130ms)
 GET /dashboard/admin 200 in 150ms (compile: 8ms, render: 142ms)
 GET /dashboard/admin/players 200 in 234ms (compile: 10ms, render: 224ms)
 GET /dashboard/admin/players 200 in 122ms (compile: 6ms, render: 115ms)
 GET /dashboard/admin 200 in 132ms (compile: 7ms, render: 125ms)
 GET /dashboard/admin/scouts 200 in 175ms (compile: 14ms, render: 161ms)
 GET /dashboard/admin 200 in 109ms (compile: 4ms, render: 105ms)
 GET /dashboard/admin/coaches 200 in 124ms (compile: 14ms, render: 110ms)
 GET /dashboard/admin 200 in 131ms (compile: 8ms, render: 123ms)
 GET /dashboard/admin/advertisers 200 in 138ms (compile: 12ms, render: 126ms)
 GET /dashboard/admin 200 in 133ms (compile: 7ms, render: 126ms)
 GET /dashboard/admin/patrons 200 in 1148ms (compile: 871ms, render: 277ms)
 GET /dashboard/admin 200 in 115ms (compile: 5ms, render: 110ms)
 GET /dashboard/admin/patrons 200 in 132ms (compile: 6ms, render: 127ms)
 GET /dashboard/admin/patrons 200 in 143ms (compile: 5ms, render: 139ms)
 GET /dashboard/admin 200 in 108ms (compile: 7ms, render: 101ms)
 GET /dashboard/admin/subscriptions 200 in 108ms (compile: 8ms, render: 100ms)
 GET /dashboard/admin 200 in 125ms (compile: 18ms, render: 107ms)
 GET /dashboard/admin/subscriptions 200 in 97ms (compile: 6ms, render: 91ms)
 GET /dashboard/admin/subscriptions 200 in 108ms (compile: 5ms, render: 102ms)
 GET /dashboard/admin/rss-feeds 200 in 152ms (compile: 7ms, render: 145ms)
 GET /dashboard/admin/rss-feeds/new 200 in 92ms (compile: 25ms, render: 67ms)
 GET /dashboard/admin/rss-feeds 200 in 153ms (compile: 17ms, render: 136ms)
 GET /dashboard/admin/disputes 200 in 209ms (compile: 18ms, render: 191ms)
 GET /dashboard/admin/disputes 200 in 122ms (compile: 5ms, render: 117ms)
 GET /dashboard/admin/disputes/disp_123 200 in 13.6s (compile: 13.4s, render: 202ms)
✓ Finished filesystem cache database compaction in 53s
 GET /dashboard/admin 200 in 182ms (compile: 9ms, render: 172ms)
 GET /dashboard/admin 200 in 178ms (compile: 9ms, render: 169ms)
 GET /dashboard/admin/settings 200 in 264ms (compile: 116ms, render: 148ms)
 GET /dashboard/admin 200 in 168ms (compile: 5ms, render: 162ms)
 GET /dashboard/admin/settings 200 in 159ms (compile: 6ms, render: 153ms)
 GET /dashboard/admin 200 in 160ms (compile: 8ms, render: 152ms)
 GET /dashboard/admin/settings 200 in 278ms (compile: 10ms, render: 268ms)
 GET /dashboard/admin 200 in 182ms (compile: 10ms, render: 172ms)
 GET /dashboard/admin/audit 200 in 235ms (compile: 53ms, render: 182ms)
 GET /dashboard/admin 200 in 153ms (compile: 8ms, render: 145ms)
 GET /dashboard/admin/audit 200 in 263ms (compile: 14ms, render: 249ms)
 GET /dashboard/admin 200 in 171ms (compile: 9ms, render: 162ms)
 GET /dashboard/admin/backups 200 in 209ms (compile: 41ms, render: 167ms)
 GET /dashboard/admin 200 in 128ms (compile: 8ms, render: 121ms)
 GET /dashboard/admin/backups 200 in 259ms (compile: 53ms, render: 206ms)
 GET /dashboard/admin 200 in 247ms (compile: 24ms, render: 223ms)
 GET /dashboard/admin/notifications 200 in 308ms (compile: 55ms, render: 253ms)
 GET /dashboard/admin 200 in 158ms (compile: 18ms, render: 140ms)
 GET /dashboard/admin/notifications 200 in 260ms (compile: 11ms, render: 249ms)
 GET /dashboard/admin 200 in 161ms (compile: 6ms, render: 156ms)
 GET /dashboard/admin/health 200 in 390ms (compile: 27ms, render: 363ms)
 GET /dashboard/admin 200 in 105ms (compile: 5ms, render: 100ms)
 GET /dashboard/admin/settings/retention 200 in 219ms (compile: 9ms, render: 210ms)
 GET /dashboard/admin 200 in 156ms (compile: 8ms, render: 149ms)
 GET /dashboard/admin/users 200 in 284ms (compile: 27ms, render: 257ms)
 GET /dashboard/admin 200 in 281ms (compile: 13ms, render: 269ms)
 GET /dashboard/admin/users 200 in 179ms (compile: 7ms, render: 172ms)
 GET /dashboard/admin/users/invite 200 in 147ms (compile: 18ms, render: 128ms)
 GET /dashboard/admin 200 in 135ms (compile: 7ms, render: 128ms)
 GET /dashboard/admin/players 200 in 320ms (compile: 31ms, render: 289ms)
 GET /dashboard/admin/players/new 200 in 116ms (compile: 12ms, render: 104ms)
 GET /dashboard/admin 200 in 171ms (compile: 6ms, render: 165ms)
 GET /dashboard/admin/players 200 in 232ms (compile: 12ms, render: 221ms)
 GET /dashboard/admin/players 200 in 152ms (compile: 8ms, render: 144ms)
 GET /dashboard/admin 200 in 91ms (compile: 6ms, render: 86ms)
 GET /dashboard/admin/scouts 200 in 106ms (compile: 20ms, render: 86ms)
 GET /dashboard/admin 200 in 107ms (compile: 4ms, render: 103ms)
 GET /dashboard/admin/coaches 200 in 159ms (compile: 49ms, render: 110ms)
 GET /dashboard/admin 200 in 123ms (compile: 9ms, render: 114ms)
 GET /dashboard/admin/advertisers 200 in 169ms (compile: 20ms, render: 149ms)
 GET /dashboard/admin 200 in 122ms (compile: 7ms, render: 115ms)
 GET /dashboard/admin/patrons 200 in 158ms (compile: 8ms, render: 150ms)
 GET /dashboard/admin 200 in 102ms (compile: 4ms, render: 98ms)
 GET /dashboard/admin/patrons 200 in 127ms (compile: 6ms, render: 121ms)
 GET /dashboard/admin/patrons 200 in 112ms (compile: 8ms, render: 104ms)
 GET /dashboard/admin 200 in 92ms (compile: 5ms, render: 87ms)
 GET /dashboard/admin/subscriptions 200 in 117ms (compile: 7ms, render: 111ms)
 GET /dashboard/admin 200 in 154ms (compile: 18ms, render: 136ms)
 GET /dashboard/admin/subscriptions 200 in 78ms (compile: 5ms, render: 73ms)
 GET /dashboard/admin/subscriptions 200 in 94ms (compile: 5ms, render: 89ms)
 GET /dashboard/admin/rss-feeds 200 in 113ms (compile: 8ms, render: 105ms)
 GET /dashboard/admin/rss-feeds/new 200 in 98ms (compile: 8ms, render: 90ms)
 GET /dashboard/admin/rss-feeds 200 in 164ms (compile: 12ms, render: 153ms)
 GET /dashboard/admin/disputes 200 in 199ms (compile: 9ms, render: 190ms)
 GET /dashboard/admin/disputes 200 in 108ms (compile: 5ms, render: 103ms)
 GET /dashboard/admin/disputes/disp_123 200 in 394ms (compile: 247ms, render: 147ms)
 GET /dashboard/admin/disputes 200 in 2.2s (compile: 717ms, render: 1442ms)
 GET /dashboard/admin/disputes 200 in 101ms (compile: 11ms, render: 90ms)
 GET /dashboard/admin/disputes/disp_123 200 in 858ms (compile: 297ms, render: 561ms)
 GET /dashboard/admin 200 in 1267ms (compile: 392ms, render: 875ms)
 GET /dashboard/admin/advertisers 200 in 1192ms (compile: 343ms, render: 849ms)
 GET /dashboard/admin 200 in 158ms (compile: 7ms, render: 151ms)
 GET /dashboard/admin/patrons 200 in 1047ms (compile: 331ms, render: 716ms)
 GET /dashboard/admin 200 in 115ms (compile: 6ms, render: 108ms)
 GET /dashboard/admin/patrons 200 in 122ms (compile: 7ms, render: 115ms)
 GET /dashboard/admin/patrons 200 in 151ms (compile: 5ms, render: 146ms)
 GET /dashboard/admin 200 in 137ms (compile: 8ms, render: 129ms)
 GET /dashboard/admin/subscriptions 200 in 2.2s (compile: 756ms, render: 1441ms)
 GET /dashboard/admin 200 in 119ms (compile: 5ms, render: 115ms)
 GET /dashboard/admin/subscriptions 200 in 135ms (compile: 9ms, render: 125ms)
 GET /dashboard/admin/subscriptions 200 in 113ms (compile: 5ms, render: 108ms)
 GET /dashboard/admin/disputes 200 in 275ms (compile: 12ms, render: 262ms)
 GET /dashboard/admin/patrons 200 in 217ms (compile: 13ms, render: 204ms)
 GET /dashboard/admin/coaches 200 in 3.2s (compile: 962ms, render: 2.2s)
 GET /dashboard/admin/coaches 200 in 17.3s (compile: 17.2s, render: 126ms)
 GET /dashboard/admin/coaches 200 in 125ms (compile: 9ms, render: 115ms)
 GET /dashboard/admin/coaches 200 in 110ms (compile: 7ms, render: 103ms)
○ Compiling /dashboard/admin/coaches/[id]/edit ...
 GET /dashboard/admin/coaches/coach_1/edit 200 in 18.5s (compile: 18.3s, render: 166ms)
 GET /dashboard/admin/coaches 200 in 97ms (compile: 7ms, render: 89ms)
 GET /dashboard/admin/coaches 200 in 193ms (compile: 11ms, render: 183ms)
 GET /dashboard/admin/coaches 200 in 620ms (compile: 403ms, render: 217ms)
 GET /dashboard/admin/coaches/coach_1/edit 200 in 285ms (compile: 167ms, render: 118ms)
 GET /dashboard/admin/coaches 200 in 200ms (compile: 39ms, render: 161ms)
 GET /dashboard/admin/coaches 200 in 96ms (compile: 6ms, render: 90ms)
○ Compiling /dashboard/admin/coaches/new ...
 GET /dashboard/admin/coaches/new 200 in 20.1s (compile: 20.1s, render: 70ms)
 GET /dashboard/admin/coaches 200 in 146ms (compile: 12ms, render: 134ms)
✓ Finished filesystem cache database compaction in 73s
✓ Finished writing to filesystem cache in 38.7s
 GET /dashboard/admin/coaches/coach_1/edit 200 in 599ms (compile: 274ms, render: 325ms)
 GET /dashboard/admin/scouts 200 in 4.0s (compile: 1728ms, render: 2.3s)
 GET /dashboard/admin/scouts 200 in 450ms (compile: 19ms, render: 432ms)
○ Compiling /dashboard/admin/scouts/[id] ...
✓ Finished writing to filesystem cache in 14.7s
 GET /dashboard/admin/scouts/101 200 in 19.5s (compile: 19.4s, render: 137ms)
 GET /dashboard/admin/scouts/101 200 in 500ms (compile: 176ms, render: 324ms)
 GET /dashboard/admin/scouts 200 in 162ms (compile: 15ms, render: 147ms)
 GET /dashboard/admin/scouts/101 200 in 397ms (compile: 200ms, render: 197ms)
✓ Finished filesystem cache database compaction in 12.4s
 GET /dashboard/admin/coaches 200 in 351ms (compile: 197ms, render: 155ms)
 GET /dashboard/admin/coaches 200 in 122ms (compile: 9ms, render: 114ms)
 GET /dashboard/admin/coaches/new 200 in 150ms (compile: 60ms, render: 91ms)
 GET /dashboard/admin/scouts 200 in 134ms (compile: 5ms, render: 128ms)
 GET /dashboard/admin/scouts 200 in 101ms (compile: 5ms, render: 96ms)
 GET /dashboard/admin/scouts/101 200 in 812ms (compile: 490ms, render: 323ms)
 GET /dashboard/admin/scouts/101 200 in 1103ms (compile: 8ms, render: 1094ms)
 GET /dashboard/admin/scouts 200 in 283ms (compile: 36ms, render: 247ms)
 GET /dashboard/admin/scouts/101 200 in 277ms (compile: 17ms, render: 261ms)
 GET /dashboard/admin/coaches 200 in 1023ms (compile: 130ms, render: 893ms)
 GET /dashboard/admin/scouts 200 in 115ms (compile: 12ms, render: 103ms)
 GET /dashboard/admin/coaches/coach_1/edit 200 in 431ms (compile: 226ms, render: 204ms)
 GET /dashboard/admin/rss-feeds 200 in 5.7s (compile: 3.8s, render: 1926ms)
 GET /dashboard/admin/rss-feeds 200 in 151ms (compile: 8ms, render: 143ms)
 GET /dashboard/admin/rss-feeds/new 200 in 5.5s (compile: 5.4s, render: 151ms)
 GET /dashboard/admin/rss-feeds 200 in 73ms (compile: 12ms, render: 61ms)
 GET /dashboard/admin/subscriptions 200 in 5.2s (compile: 4.0s, render: 1137ms)
 GET /dashboard/admin/subscriptions 200 in 326ms (compile: 12ms, render: 314ms)
 GET /dashboard/admin/subscriptions/new 200 in 2.2s (compile: 1847ms, render: 398ms)
 GET /dashboard/admin/users 200 in 26.4s (compile: 5.7s, render: 20.7s)
○ Compiling /dashboard/admin/subscriptions/[id]/edit ...
 GET /dashboard/admin/users 200 in 262ms (compile: 16ms, render: 247ms)
 GET /dashboard/admin/users/invite 200 in 6.1s (compile: 5.8s, render: 273ms)
 GET /dashboard/admin/users 200 in 205ms (compile: 23ms, render: 181ms)
Error: Route "/dashboard/admin/subscriptions/[id]/edit" used `params.id`. `params` is a Promise and must be unwrapped with `await` or `React.use()` before accessing its properties. Learn more: https://nextjs.org/docs/messages/sync-dynamic-apis
    at EditSubscriptionPackagePage (src/app/dashboard/admin/subscriptions/[id]/edit/page.tsx:22:23)
  20 | export default function EditSubscriptionPackagePage({ params }: { params: { id: string } }) {
  21 |     const router = useRouter();
> 22 |     const id = params.id;
     |                       ^
  23 |
  24 |     // Fetch existing data
  25 |     const { data: pkgData, loading, error } = useGet<{ data: SubscriptionPkg }>(
 GET /dashboard/admin/subscriptions/pkg_1/edit 200 in 47s (compile: 46s, render: 1533ms)
 GET /dashboard/admin/subscriptions 200 in 296ms (compile: 127ms, render: 170ms)
 GET /dashboard/admin/subscriptions 200 in 141ms (compile: 5ms, render: 136ms)
 GET /dashboard/admin/subscriptions 200 in 136ms (compile: 14ms, render: 122ms)
 GET /dashboard/admin/subscriptions/new 200 in 71ms (compile: 6ms, render: 64ms)
Error: Route "/dashboard/admin/subscriptions/[id]/edit" used `params.id`. `params` is a Promise and must be unwrapped with `await` or `React.use()` before accessing its properties. Learn more: https://nextjs.org/docs/messages/sync-dynamic-apis
    at EditSubscriptionPackagePage (src/app/dashboard/admin/subscriptions/[id]/edit/page.tsx:22:23)
  20 | export default function EditSubscriptionPackagePage({ params }: { params: { id: string } }) {
  21 |     const router = useRouter();
> 22 |     const id = params.id;
     |                       ^
  23 |
  24 |     // Fetch existing data
  25 |     const { data: pkgData, loading, error } = useGet<{ data: SubscriptionPkg }>(
 GET /dashboard/admin/subscriptions/pkg_1/edit 200 in 540ms (compile: 176ms, render: 364ms)
 GET /dashboard/admin/subscriptions 200 in 129ms (compile: 8ms, render: 121ms)
 GET /dashboard/admin/subscriptions 200 in 228ms (compile: 5ms, render: 224ms)
 GET /dashboard/admin/subscriptions 200 in 844ms (compile: 202ms, render: 642ms)
 GET /dashboard/admin/subscriptions/new 200 in 1096ms (compile: 401ms, render: 695ms)
Error: Route "/dashboard/admin/subscriptions/[id]/edit" used `params.id`. `params` is a Promise and must be unwrapped with `await` or `React.use()` before accessing its properties. Learn more: https://nextjs.org/docs/messages/sync-dynamic-apis
    at EditSubscriptionPackagePage (src/app/dashboard/admin/subscriptions/[id]/edit/page.tsx:22:23)
  20 | export default function EditSubscriptionPackagePage({ params }: { params: { id: string } }) {
  21 |     const router = useRouter();
> 22 |     const id = params.id;
     |                       ^
  23 |
  24 |     // Fetch existing data
  25 |     const { data: pkgData, loading, error } = useGet<{ data: SubscriptionPkg }>(
 GET /dashboard/admin/subscriptions/pkg_1/edit 200 in 5.7s (compile: 2.2s, render: 3.6s)
 GET /dashboard/admin/subscriptions 200 in 1430ms (compile: 134ms, render: 1295ms)
 GET /dashboard/admin/subscriptions 200 in 372ms (compile: 15ms, render: 357ms)
 GET /dashboard/admin/subscriptions 200 in 431ms (compile: 91ms, render: 340ms)
 GET /dashboard/admin/rss-feeds 200 in 860ms (compile: 654ms, render: 206ms)
 GET /dashboard/admin/subscriptions/new 200 in 271ms (compile: 74ms, render: 197ms)
Error: Route "/dashboard/admin/subscriptions/[id]/edit" used `params.id`. `params` is a Promise and must be unwrapped with `await` or `React.use()` before accessing its properties. Learn more: https://nextjs.org/docs/messages/sync-dynamic-apis
    at EditSubscriptionPackagePage (src/app/dashboard/admin/subscriptions/[id]/edit/page.tsx:22:23)
  20 | export default function EditSubscriptionPackagePage({ params }: { params: { id: string } }) {
  21 |     const router = useRouter();
> 22 |     const id = params.id;
     |                       ^
  23 |
  24 |     // Fetch existing data
  25 |     const { data: pkgData, loading, error } = useGet<{ data: SubscriptionPkg }>(
 GET /dashboard/admin/subscriptions/pkg_1/edit 200 in 743ms (compile: 318ms, render: 425ms)
 GET /dashboard/admin/rss-feeds 200 in 333ms (compile: 49ms, render: 284ms)
 GET /dashboard/admin/rss-feeds/new 200 in 140ms (compile: 60ms, render: 80ms)
 GET /dashboard/admin/subscriptions 200 in 216ms (compile: 8ms, render: 209ms)
 GET /dashboard/admin/rss-feeds 200 in 176ms (compile: 18ms, render: 159ms)
 GET /dashboard/admin/rss-feeds 200 in 135ms (compile: 7ms, render: 128ms)
 GET /dashboard/admin/rss-feeds 200 in 129ms (compile: 5ms, render: 123ms)
 GET /dashboard/admin/rss-feeds/new 200 in 122ms (compile: 12ms, render: 110ms)
 GET /dashboard/admin/rss-feeds 200 in 152ms (compile: 16ms, render: 136ms)
 GET /dashboard/admin/coaches 200 in 1009ms (compile: 531ms, render: 478ms)
✓ Finished writing to filesystem cache in 12.8s
 GET /dashboard/admin/coaches 200 in 966ms (compile: 542ms, render: 424ms)
 GET /dashboard/admin/coaches/new 200 in 925ms (compile: 764ms, render: 161ms)
 GET /dashboard/admin/coaches/coach_1/edit 200 in 5.5s (compile: 3.6s, render: 1911ms)
 GET /dashboard/admin/coaches 200 in 4.9s (compile: 1394ms, render: 3.5s)
 GET /dashboard/admin/subscriptions 200 in 1160ms (compile: 933ms, render: 227ms)
 GET /dashboard/admin/subscriptions 200 in 351ms (compile: 23ms, render: 327ms)
 GET /dashboard/admin/subscriptions 200 in 16.1s (compile: 15.9s, render: 139ms)
 GET /dashboard/admin/subscriptions/new 200 in 325ms (compile: 159ms, render: 166ms)
 GET /dashboard/admin/subscriptions 200 in 190ms (compile: 58ms, render: 131ms)
 GET /dashboard/admin/subscriptions/new 200 in 408ms (compile: 270ms, render: 138ms)
✓ Finished filesystem cache database compaction in 6.4min
✓ Finished writing to filesystem cache in 5.6min
Error: Route "/dashboard/admin/subscriptions/[id]/edit" used `params.id`. `params` is a Promise and must be unwrapped with `await` or `React.use()` before accessing its properties. Learn more: https://nextjs.org/docs/messages/sync-dynamic-apis
    at EditSubscriptionPackagePage (src/app/dashboard/admin/subscriptions/[id]/edit/page.tsx:22:23)
  20 | export default function EditSubscriptionPackagePage({ params }: { params: { id: string } }) {
  21 |     const router = useRouter();
> 22 |     const id = params.id;
     |                       ^
  23 |
  24 |     // Fetch existing data
  25 |     const { data: pkgData, loading, error } = useGet<{ data: SubscriptionPkg }>(
 GET /dashboard/admin/subscriptions/pkg_1/edit 200 in 1523ms (compile: 388ms, render: 1135ms)
 GET /dashboard/admin/subscriptions 200 in 484ms (compile: 226ms, render: 259ms)
✓ Finished writing to filesystem cache in 29.1s
Error: Route "/dashboard/admin/subscriptions/[id]/edit" used `params.id`. `params` is a Promise and must be unwrapped with `await` or `React.use()` before accessing its properties. Learn more: https://nextjs.org/docs/messages/sync-dynamic-apis
    at EditSubscriptionPackagePage (src/app/dashboard/admin/subscriptions/[id]/edit/page.tsx:22:23)
  20 | export default function EditSubscriptionPackagePage({ params }: { params: { id: string } }) {
  21 |     const router = useRouter();
> 22 |     const id = params.id;
     |                       ^
  23 |
  24 |     // Fetch existing data
  25 |     const { data: pkgData, loading, error } = useGet<{ data: SubscriptionPkg }>(
 GET /dashboard/admin/subscriptions/pkg_1/edit 200 in 7.6s (compile: 7.3s, render: 258ms)
 GET /dashboard/admin/subscriptions 200 in 761ms (compile: 185ms, render: 576ms)
 GET /dashboard/admin/rss-feeds 200 in 14.4s (compile: 12.0s, render: 2.5s)
 GET /dashboard/admin/rss-feeds 200 in 17.2s (compile: 16.3s, render: 843ms)
 GET /dashboard/admin/rss-feeds 200 in 1194ms (compile: 822ms, render: 372ms)
 GET /dashboard/admin/rss-feeds 200 in 185ms (compile: 86ms, render: 99ms)
 GET /dashboard/admin/rss-feeds/new 200 in 602ms (compile: 119ms, render: 483ms)
 GET /dashboard/admin/rss-feeds/new 200 in 218ms (compile: 8ms, render: 210ms)
 GET /dashboard/admin/rss-feeds 200 in 3.3s (compile: 1526ms, render: 1754ms)
 GET /dashboard/admin/coaches 200 in 1776ms (compile: 763ms, render: 1013ms)
 GET /dashboard/admin/coaches 200 in 408ms (compile: 130ms, render: 278ms)
 GET /dashboard/admin/coaches 200 in 20.3s (compile: 12.5s, render: 7.9s)
 GET /dashboard/admin/coaches 200 in 18.8s (compile: 15.3s, render: 3.6s)
 GET /dashboard/admin/coaches/new 200 in 21.1s (compile: 18.9s, render: 2.2s)
 GET /dashboard/admin/coaches/new 200 in 22.1s (compile: 10.0s, render: 12.1s)
