{"level":"info","message":"Running seeder: patrons","service":"amafor-gladiators-api","timestamp":"2026-01-16 05:55:35"}
{"level":"info","message":"Starting patron seeder for development environment...","service":"amafor-gladiators-api","timestamp":"2026-01-16 05:55:41"}
{"level":"info","message":"Loading patron data for development environment","service":"amafor-gladiators-api","timestamp":"2026-01-16 05:55:41"}
{"level":"info","message":"Successfully seeded 4 patron records","service":"amafor-gladiators-api","timestamp":"2026-01-16 05:55:47"}
{"level":"info","message":"Running seeder: patronSubscriptions","service":"amafor-gladiators-api","timestamp":"2026-01-16 05:55:47"}
{"level":"info","message":"Starting patronsubscription seeder for development environment...","service":"amafor-gladiators-api","timestamp":"2026-01-16 05:55:47"}
{"level":"info","message":"Loading patronsubscription data for development environment","service":"amafor-gladiators-api","timestamp":"2026-01-16 05:55:47"}
{"level":"info","message":"Successfully seeded 4 patronsubscription records","service":"amafor-gladiators-api","timestamp":"2026-01-16 05:55:50"}
{"level":"info","message":"Running seeder: videos","service":"amafor-gladiators-api","timestamp":"2026-01-16 05:55:50"}
{"level":"info","message":"Starting video seeder for development environment...","service":"amafor-gladiators-api","timestamp":"2026-01-16 05:55:50"}
{"level":"info","message":"Loading video data for development environment","service":"amafor-gladiators-api","timestamp":"2026-01-16 05:55:50"}
{"environment":"development","error":"Table 'amafor.videos' doesn't exist","level":"error","message":"Error seeding video:","service":"amafor-gladiators-api","stack":"Error\n    at Query.run (/home/udorakpuenyi/amafor/agfc_server_app/node_modules/sequelize/src/dialects/mysql/query.js:46:25)\n    at /home/udorakpuenyi/amafor/agfc_server_app/node_modules/sequelize/src/sequelize.js:650:28\n    at processTicksAndRejections (node:internal/process/task_queues:105:5)\n    at async MySQLQueryInterface.bulkInsert (/home/udorakpuenyi/amafor/agfc_server_app/node_modules/sequelize/src/dialects/abstract/query-interface.js:881:21)\n    at async recursiveBulkCreate (/home/udorakpuenyi/amafor/agfc_server_app/node_modules/sequelize/src/model.js:2851:25)\n    at async Function.bulkCreate (/home/udorakpuenyi/amafor/agfc_server_app/node_modules/sequelize/src/model.js:2977:12)\n    at async VideoSeeder.seed (/home/udorakpuenyi/amafor/agfc_server_app/src/seeders/seeders/base-seeder.ts:81:24)\n    at async SeedRunner.runAll (/home/udorakpuenyi/amafor/agfc_server_app/src/seeders/seeders/seed-runner.ts:32:11)\n    at async runSeeders (/home/udorakpuenyi/amafor/agfc_server_app/src/scripts/seed.ts:5:5)","timestamp":"2026-01-16 05:55:52"}
{"level":"info","message":"Running seeder: users","service":"amafor-gladiators-api","timestamp":"2026-01-16 22:50:40"}
{"level":"info","message":"Starting user seeder for development environment...","service":"amafor-gladiators-api","timestamp":"2026-01-16 22:50:44"}
{"level":"info","message":"Loading user data for development environment","service":"amafor-gladiators-api","timestamp":"2026-01-16 22:50:44"}
{"level":"info","message":"Successfully seeded 3 user records","service":"amafor-gladiators-api","timestamp":"2026-01-16 22:50:45"}
{"level":"info","message":"Running seeder: patrons","service":"amafor-gladiators-api","timestamp":"2026-01-16 22:50:45"}
{"level":"info","message":"Starting patron seeder for development environment...","service":"amafor-gladiators-api","timestamp":"2026-01-16 22:50:45"}
{"level":"info","message":"Loading patron data for development environment","service":"amafor-gladiators-api","timestamp":"2026-01-16 22:50:45"}
{"level":"info","message":"Successfully seeded 4 patron records","service":"amafor-gladiators-api","timestamp":"2026-01-16 22:50:46"}
{"level":"info","message":"Running seeder: advertisers","service":"amafor-gladiators-api","timestamp":"2026-01-16 22:50:46"}
{"level":"info","message":"Starting advertiser seeder for development environment...","service":"amafor-gladiators-api","timestamp":"2026-01-16 22:50:46"}
{"level":"info","message":"Loading advertiser data for development environment","service":"amafor-gladiators-api","timestamp":"2026-01-16 22:50:46"}
{"level":"info","message":"Successfully seeded 3 advertiser records","service":"amafor-gladiators-api","timestamp":"2026-01-16 22:50:47"}
{"level":"info","message":"Running seeder: adZones","service":"amafor-gladiators-api","timestamp":"2026-01-16 22:50:47"}
{"level":"info","message":"Seeding predefined ad zones...","service":"amafor-gladiators-api","timestamp":"2026-01-16 22:50:47"}
{"level":"info","message":"Starting ad-zones seeder for development environment...","service":"amafor-gladiators-api","timestamp":"2026-01-16 22:50:47"}
{"level":"info","message":"Loading ad-zones data for development environment","service":"amafor-gladiators-api","timestamp":"2026-01-16 22:50:47"}
{"level":"info","message":"Successfully seeded 5 ad-zones records","service":"amafor-gladiators-api","timestamp":"2026-01-16 22:50:48"}
{"level":"info","message":"Running seeder: leagues","service":"amafor-gladiators-api","timestamp":"2026-01-16 22:50:48"}
{"level":"info","message":"Starting league seeder for development environment...","service":"amafor-gladiators-api","timestamp":"2026-01-16 22:50:48"}
{"level":"info","message":"Loading league data for development environment","service":"amafor-gladiators-api","timestamp":"2026-01-16 22:50:48"}
{"level":"info","message":"Successfully seeded 2 league records","service":"amafor-gladiators-api","timestamp":"2026-01-16 22:50:49"}
{"level":"info","message":"Running seeder: rssFeedSources","service":"amafor-gladiators-api","timestamp":"2026-01-16 22:50:49"}
{"level":"info","message":"Starting rssfeedsource seeder for development environment...","service":"amafor-gladiators-api","timestamp":"2026-01-16 22:50:49"}
{"level":"info","message":"Loading rssfeedsource data for development environment","service":"amafor-gladiators-api","timestamp":"2026-01-16 22:50:49"}
{"level":"info","message":"Successfully seeded 3 rssfeedsource records","service":"amafor-gladiators-api","timestamp":"2026-01-16 22:50:50"}
{"level":"info","message":"Running seeder: videos","service":"amafor-gladiators-api","timestamp":"2026-01-16 22:50:50"}
{"level":"info","message":"Starting video seeder for development environment...","service":"amafor-gladiators-api","timestamp":"2026-01-16 22:50:50"}
{"level":"info","message":"Loading video data for development environment","service":"amafor-gladiators-api","timestamp":"2026-01-16 22:50:50"}
{"environment":"development","error":"Table 'agfc.videos' doesn't exist","level":"error","message":"Error seeding video:","service":"amafor-gladiators-api","stack":"Error\n    at Query.run (/home/udorakpuenyi/amafor/agfc_server_app/node_modules/sequelize/src/dialects/mysql/query.js:46:25)\n    at /home/udorakpuenyi/amafor/agfc_server_app/node_modules/sequelize/src/sequelize.js:650:28\n    at processTicksAndRejections (node:internal/process/task_queues:105:5)\n    at async MySQLQueryInterface.bulkInsert (/home/udorakpuenyi/amafor/agfc_server_app/node_modules/sequelize/src/dialects/abstract/query-interface.js:881:21)\n    at async recursiveBulkCreate (/home/udorakpuenyi/amafor/agfc_server_app/node_modules/sequelize/src/model.js:2851:25)\n    at async Function.bulkCreate (/home/udorakpuenyi/amafor/agfc_server_app/node_modules/sequelize/src/model.js:2977:12)\n    at async VideoSeeder.seed (/home/udorakpuenyi/amafor/agfc_server_app/src/seeders/seeders/base-seeder.ts:81:24)\n    at async SeedRunner.runAll (/home/udorakpuenyi/amafor/agfc_server_app/src/seeders/seeders/seed-runner.ts:32:11)\n    at async runSeeders (/home/udorakpuenyi/amafor/agfc_server_app/src/scripts/seed.ts:5:5)","timestamp":"2026-01-16 22:50:53"}
{"level":"info","message":"Running seeder: users","service":"amafor-gladiators-api","timestamp":"2026-01-17 00:51:42"}
{"level":"info","message":"Starting user seeder for development environment...","service":"amafor-gladiators-api","timestamp":"2026-01-17 00:51:42"}
{"level":"info","message":"Loading user data for development environment","service":"amafor-gladiators-api","timestamp":"2026-01-17 00:51:42"}
{"level":"info","message":"Successfully seeded 3 user records","service":"amafor-gladiators-api","timestamp":"2026-01-17 00:51:43"}
{"level":"info","message":"Running seeder: patrons","service":"amafor-gladiators-api","timestamp":"2026-01-17 00:51:43"}
{"level":"info","message":"Starting patron seeder for development environment...","service":"amafor-gladiators-api","timestamp":"2026-01-17 00:51:43"}
{"level":"info","message":"Loading patron data for development environment","service":"amafor-gladiators-api","timestamp":"2026-01-17 00:51:43"}
{"level":"info","message":"Successfully seeded 4 patron records","service":"amafor-gladiators-api","timestamp":"2026-01-17 00:51:43"}
{"level":"info","message":"Running seeder: advertisers","service":"amafor-gladiators-api","timestamp":"2026-01-17 00:51:43"}
{"level":"info","message":"Starting advertiser seeder for development environment...","service":"amafor-gladiators-api","timestamp":"2026-01-17 00:51:43"}
{"level":"info","message":"Loading advertiser data for development environment","service":"amafor-gladiators-api","timestamp":"2026-01-17 00:51:43"}
{"level":"info","message":"Successfully seeded 3 advertiser records","service":"amafor-gladiators-api","timestamp":"2026-01-17 00:51:43"}
{"level":"info","message":"Running seeder: adZones","service":"amafor-gladiators-api","timestamp":"2026-01-17 00:51:43"}
{"level":"info","message":"Seeding predefined ad zones...","service":"amafor-gladiators-api","timestamp":"2026-01-17 00:51:43"}
{"level":"info","message":"Starting ad-zones seeder for development environment...","service":"amafor-gladiators-api","timestamp":"2026-01-17 00:51:43"}
{"level":"info","message":"Loading ad-zones data for development environment","service":"amafor-gladiators-api","timestamp":"2026-01-17 00:51:43"}
{"level":"info","message":"Successfully seeded 4 ad-zones records","service":"amafor-gladiators-api","timestamp":"2026-01-17 00:51:43"}
{"level":"info","message":"Running seeder: leagues","service":"amafor-gladiators-api","timestamp":"2026-01-17 00:51:43"}
{"level":"info","message":"Starting league seeder for development environment...","service":"amafor-gladiators-api","timestamp":"2026-01-17 00:51:43"}
{"level":"info","message":"Loading league data for development environment","service":"amafor-gladiators-api","timestamp":"2026-01-17 00:51:43"}
{"level":"info","message":"Successfully seeded 2 league records","service":"amafor-gladiators-api","timestamp":"2026-01-17 00:51:44"}
{"level":"info","message":"Running seeder: rssFeedSources","service":"amafor-gladiators-api","timestamp":"2026-01-17 00:51:44"}
{"level":"info","message":"Starting rssfeedsource seeder for development environment...","service":"amafor-gladiators-api","timestamp":"2026-01-17 00:51:44"}
{"level":"info","message":"Loading rssfeedsource data for development environment","service":"amafor-gladiators-api","timestamp":"2026-01-17 00:51:44"}
{"level":"info","message":"Successfully seeded 3 rssfeedsource records","service":"amafor-gladiators-api","timestamp":"2026-01-17 00:51:44"}
{"level":"info","message":"Running seeder: videos","service":"amafor-gladiators-api","timestamp":"2026-01-17 00:51:44"}
{"level":"info","message":"Starting video seeder for development environment...","service":"amafor-gladiators-api","timestamp":"2026-01-17 00:51:44"}
{"level":"info","message":"Loading video data for development environment","service":"amafor-gladiators-api","timestamp":"2026-01-17 00:51:44"}
{"level":"info","message":"Successfully seeded 4 video records","service":"amafor-gladiators-api","timestamp":"2026-01-17 00:51:44"}
{"level":"info","message":"Running seeder: trialists","service":"amafor-gladiators-api","timestamp":"2026-01-17 00:51:44"}
{"level":"info","message":"Starting trialist seeder for development environment...","service":"amafor-gladiators-api","timestamp":"2026-01-17 00:51:44"}
{"level":"info","message":"Loading trialist data for development environment","service":"amafor-gladiators-api","timestamp":"2026-01-17 00:51:44"}
{"environment":"development","error":"Table 'agfc.trialists' doesn't exist","level":"error","message":"Error seeding trialist:","service":"amafor-gladiators-api","stack":"Error\n    at Query.run (/home/udorakpuenyi/amafor/agfc_server_app/node_modules/sequelize/src/dialects/mysql/query.js:46:25)\n    at /home/udorakpuenyi/amafor/agfc_server_app/node_modules/sequelize/src/sequelize.js:650:28\n    at processTicksAndRejections (node:internal/process/task_queues:105:5)\n    at async MySQLQueryInterface.bulkInsert (/home/udorakpuenyi/amafor/agfc_server_app/node_modules/sequelize/src/dialects/abstract/query-interface.js:881:21)\n    at async recursiveBulkCreate (/home/udorakpuenyi/amafor/agfc_server_app/node_modules/sequelize/src/model.js:2851:25)\n    at async Function.bulkCreate (/home/udorakpuenyi/amafor/agfc_server_app/node_modules/sequelize/src/model.js:2977:12)\n    at async TrialistSeeder.seed (/home/udorakpuenyi/amafor/agfc_server_app/src/seeders/seeders/base-seeder.ts:81:24)\n    at async SeedRunner.runAll (/home/udorakpuenyi/amafor/agfc_server_app/src/seeders/seeders/seed-runner.ts:32:11)\n    at async runSeeders (/home/udorakpuenyi/amafor/agfc_server_app/src/scripts/seed.ts:5:5)","timestamp":"2026-01-17 00:51:44"}
{"level":"info","message":"Running seeder: users","service":"amafor-gladiators-api","timestamp":"2026-01-17 00:56:02"}
{"level":"info","message":"Starting user seeder for development environment...","service":"amafor-gladiators-api","timestamp":"2026-01-17 00:56:02"}
{"level":"info","message":"Loading user data for development environment","service":"amafor-gladiators-api","timestamp":"2026-01-17 00:56:02"}
{"level":"info","message":"Successfully seeded 3 user records","service":"amafor-gladiators-api","timestamp":"2026-01-17 00:56:03"}
{"level":"info","message":"Running seeder: patrons","service":"amafor-gladiators-api","timestamp":"2026-01-17 00:56:03"}
{"level":"info","message":"Starting patron seeder for development environment...","service":"amafor-gladiators-api","timestamp":"2026-01-17 00:56:03"}
{"level":"info","message":"Loading patron data for development environment","service":"amafor-gladiators-api","timestamp":"2026-01-17 00:56:03"}
{"level":"info","message":"Successfully seeded 4 patron records","service":"amafor-gladiators-api","timestamp":"2026-01-17 00:56:03"}
{"level":"info","message":"Running seeder: advertisers","service":"amafor-gladiators-api","timestamp":"2026-01-17 00:56:03"}
{"level":"info","message":"Starting advertiser seeder for development environment...","service":"amafor-gladiators-api","timestamp":"2026-01-17 00:56:03"}
{"level":"info","message":"Loading advertiser data for development environment","service":"amafor-gladiators-api","timestamp":"2026-01-17 00:56:03"}
{"level":"info","message":"Successfully seeded 3 advertiser records","service":"amafor-gladiators-api","timestamp":"2026-01-17 00:56:03"}
{"level":"info","message":"Running seeder: adZones","service":"amafor-gladiators-api","timestamp":"2026-01-17 00:56:03"}
{"level":"info","message":"Seeding predefined ad zones...","service":"amafor-gladiators-api","timestamp":"2026-01-17 00:56:04"}
{"level":"info","message":"Starting ad-zones seeder for development environment...","service":"amafor-gladiators-api","timestamp":"2026-01-17 00:56:04"}
{"level":"info","message":"Loading ad-zones data for development environment","service":"amafor-gladiators-api","timestamp":"2026-01-17 00:56:04"}
{"level":"info","message":"Successfully seeded 4 ad-zones records","service":"amafor-gladiators-api","timestamp":"2026-01-17 00:56:04"}
{"level":"info","message":"Running seeder: leagues","service":"amafor-gladiators-api","timestamp":"2026-01-17 00:56:04"}
{"level":"info","message":"Starting league seeder for development environment...","service":"amafor-gladiators-api","timestamp":"2026-01-17 00:56:04"}
{"level":"info","message":"Loading league data for development environment","service":"amafor-gladiators-api","timestamp":"2026-01-17 00:56:04"}
{"level":"info","message":"Successfully seeded 2 league records","service":"amafor-gladiators-api","timestamp":"2026-01-17 00:56:05"}
{"level":"info","message":"Running seeder: rssFeedSources","service":"amafor-gladiators-api","timestamp":"2026-01-17 00:56:05"}
{"level":"info","message":"Starting rssfeedsource seeder for development environment...","service":"amafor-gladiators-api","timestamp":"2026-01-17 00:56:05"}
{"level":"info","message":"Loading rssfeedsource data for development environment","service":"amafor-gladiators-api","timestamp":"2026-01-17 00:56:05"}
{"level":"info","message":"Successfully seeded 3 rssfeedsource records","service":"amafor-gladiators-api","timestamp":"2026-01-17 00:56:05"}
{"level":"info","message":"Running seeder: videos","service":"amafor-gladiators-api","timestamp":"2026-01-17 00:56:05"}
{"level":"info","message":"Starting video seeder for development environment...","service":"amafor-gladiators-api","timestamp":"2026-01-17 00:56:05"}
{"level":"info","message":"Loading video data for development environment","service":"amafor-gladiators-api","timestamp":"2026-01-17 00:56:05"}
{"level":"info","message":"Successfully seeded 4 video records","service":"amafor-gladiators-api","timestamp":"2026-01-17 00:56:05"}
{"level":"info","message":"Running seeder: trialists","service":"amafor-gladiators-api","timestamp":"2026-01-17 00:56:05"}
{"level":"info","message":"Starting trialist seeder for development environment...","service":"amafor-gladiators-api","timestamp":"2026-01-17 00:56:05"}
{"level":"info","message":"Loading trialist data for development environment","service":"amafor-gladiators-api","timestamp":"2026-01-17 00:56:05"}
{"level":"info","message":"Successfully seeded 2 trialist records","service":"amafor-gladiators-api","timestamp":"2026-01-17 00:56:06"}
{"level":"info","message":"Running seeder: academyStaff","service":"amafor-gladiators-api","timestamp":"2026-01-17 00:56:06"}
{"level":"info","message":"Starting academy-staff seeder for development environment...","service":"amafor-gladiators-api","timestamp":"2026-01-17 00:56:06"}
{"level":"info","message":"Loading academy-staff data for development environment","service":"amafor-gladiators-api","timestamp":"2026-01-17 00:56:06"}
{"level":"info","message":"Successfully seeded 3 academy-staff records","service":"amafor-gladiators-api","timestamp":"2026-01-17 00:56:06"}
{"level":"info","message":"Running seeder: coaches","service":"amafor-gladiators-api","timestamp":"2026-01-17 00:56:06"}
{"level":"info","message":"Starting coach seeder for development environment...","service":"amafor-gladiators-api","timestamp":"2026-01-17 00:56:06"}
{"level":"info","message":"Loading coach data for development environment","service":"amafor-gladiators-api","timestamp":"2026-01-17 00:56:06"}
{"level":"info","message":"Successfully seeded 3 coach records","service":"amafor-gladiators-api","timestamp":"2026-01-17 00:56:06"}
{"level":"info","message":"Running seeder: players","service":"amafor-gladiators-api","timestamp":"2026-01-17 00:56:06"}
{"level":"info","message":"Starting player seeder for development environment...","service":"amafor-gladiators-api","timestamp":"2026-01-17 00:56:06"}
{"level":"info","message":"Loading player data for development environment","service":"amafor-gladiators-api","timestamp":"2026-01-17 00:56:06"}
{"level":"info","message":"Successfully seeded 2 player records","service":"amafor-gladiators-api","timestamp":"2026-01-17 00:56:07"}
{"level":"info","message":"Running seeder: patronSubscriptions","service":"amafor-gladiators-api","timestamp":"2026-01-17 00:56:07"}
{"level":"info","message":"Starting patronsubscription seeder for development environment...","service":"amafor-gladiators-api","timestamp":"2026-01-17 00:56:07"}
{"level":"info","message":"Loading patronsubscription data for development environment","service":"amafor-gladiators-api","timestamp":"2026-01-17 00:56:07"}
{"level":"info","message":"Successfully seeded 4 patronsubscription records","service":"amafor-gladiators-api","timestamp":"2026-01-17 00:56:07"}
{"level":"info","message":"Running seeder: adCampaigns","service":"amafor-gladiators-api","timestamp":"2026-01-17 00:56:07"}
{"level":"info","message":"Starting adcampaign seeder for development environment...","service":"amafor-gladiators-api","timestamp":"2026-01-17 00:56:07"}
{"level":"info","message":"Loading adcampaign data for development environment","service":"amafor-gladiators-api","timestamp":"2026-01-17 00:56:07"}
{"level":"info","message":"Successfully seeded 2 adcampaign records","service":"amafor-gladiators-api","timestamp":"2026-01-17 00:56:07"}
{"level":"info","message":"Running seeder: fixtures","service":"amafor-gladiators-api","timestamp":"2026-01-17 00:56:07"}
{"level":"info","message":"Starting fixture seeder for development environment...","service":"amafor-gladiators-api","timestamp":"2026-01-17 00:56:07"}
{"level":"info","message":"Loading fixture data for development environment","service":"amafor-gladiators-api","timestamp":"2026-01-17 00:56:07"}
{"level":"info","message":"Successfully seeded 2 fixture records","service":"amafor-gladiators-api","timestamp":"2026-01-17 00:56:07"}
{"level":"info","message":"Running seeder: thirdPartyArticles","service":"amafor-gladiators-api","timestamp":"2026-01-17 00:56:07"}
{"level":"info","message":"Starting third_party_article seeder for development environment...","service":"amafor-gladiators-api","timestamp":"2026-01-17 00:56:07"}
{"level":"info","message":"Loading third_party_article data for development environment","service":"amafor-gladiators-api","timestamp":"2026-01-17 00:56:07"}
{"level":"info","message":"Successfully seeded 2 third_party_article records","service":"amafor-gladiators-api","timestamp":"2026-01-17 00:56:07"}
{"level":"info","message":"Running seeder: articles","service":"amafor-gladiators-api","timestamp":"2026-01-17 00:56:07"}
{"level":"info","message":"Starting article seeder for development environment...","service":"amafor-gladiators-api","timestamp":"2026-01-17 00:56:07"}
{"level":"info","message":"Loading article data for development environment","service":"amafor-gladiators-api","timestamp":"2026-01-17 00:56:07"}
{"level":"info","message":"Successfully seeded 2 article records","service":"amafor-gladiators-api","timestamp":"2026-01-17 00:56:08"}
{"level":"info","message":"Running seeder: systemNotifications","service":"amafor-gladiators-api","timestamp":"2026-01-17 00:56:08"}
{"level":"info","message":"Starting systemnotification seeder for development environment...","service":"amafor-gladiators-api","timestamp":"2026-01-17 00:56:08"}
{"level":"info","message":"Loading systemnotification data for development environment","service":"amafor-gladiators-api","timestamp":"2026-01-17 00:56:08"}
{"level":"info","message":"Successfully seeded 3 systemnotification records","service":"amafor-gladiators-api","timestamp":"2026-01-17 00:56:08"}
{"level":"info","message":"Running seeder: auditLogs","service":"amafor-gladiators-api","timestamp":"2026-01-17 00:56:08"}
{"level":"info","message":"Starting auditlog seeder for development environment...","service":"amafor-gladiators-api","timestamp":"2026-01-17 00:56:08"}
{"level":"info","message":"Loading auditlog data for development environment","service":"amafor-gladiators-api","timestamp":"2026-01-17 00:56:08"}
{"level":"info","message":"Successfully seeded 2 auditlog records","service":"amafor-gladiators-api","timestamp":"2026-01-17 00:56:08"}
{"level":"info","message":"Running seeder: goals","service":"amafor-gladiators-api","timestamp":"2026-01-17 00:56:08"}
{"level":"info","message":"Starting goal seeder for development environment...","service":"amafor-gladiators-api","timestamp":"2026-01-17 00:56:08"}
{"level":"info","message":"Loading goal data for development environment","service":"amafor-gladiators-api","timestamp":"2026-01-17 00:56:08"}
{"level":"info","message":"Successfully seeded 3 goal records","service":"amafor-gladiators-api","timestamp":"2026-01-17 00:56:08"}
{"level":"info","message":"Running seeder: lineups","service":"amafor-gladiators-api","timestamp":"2026-01-17 00:56:08"}
{"level":"info","message":"Starting lineup seeder for development environment...","service":"amafor-gladiators-api","timestamp":"2026-01-17 00:56:08"}
{"level":"info","message":"Loading lineup data for development environment","service":"amafor-gladiators-api","timestamp":"2026-01-17 00:56:08"}
{"level":"info","message":"Successfully seeded 2 lineup records","service":"amafor-gladiators-api","timestamp":"2026-01-17 00:56:08"}
{"level":"info","message":"Running seeder: matchImages","service":"amafor-gladiators-api","timestamp":"2026-01-17 00:56:08"}
{"level":"info","message":"Starting matchimage seeder for development environment...","service":"amafor-gladiators-api","timestamp":"2026-01-17 00:56:08"}
{"level":"info","message":"Loading matchimage data for development environment","service":"amafor-gladiators-api","timestamp":"2026-01-17 00:56:08"}
{"level":"info","message":"Successfully seeded 2 matchimage records","service":"amafor-gladiators-api","timestamp":"2026-01-17 00:56:08"}
{"level":"info","message":"Running seeder: fixtureStatistics","service":"amafor-gladiators-api","timestamp":"2026-01-17 00:56:08"}
{"level":"info","message":"Starting fixture_statistics seeder for development environment...","service":"amafor-gladiators-api","timestamp":"2026-01-17 00:56:08"}
{"level":"info","message":"Loading fixture_statistics data for development environment","service":"amafor-gladiators-api","timestamp":"2026-01-17 00:56:08"}
{"level":"info","message":"Successfully seeded 1 fixture_statistics records","service":"amafor-gladiators-api","timestamp":"2026-01-17 00:56:09"}
{"level":"info","message":"Running seeder: adCreatives","service":"amafor-gladiators-api","timestamp":"2026-01-17 00:56:09"}
{"level":"info","message":"Starting adcreative seeder for development environment...","service":"amafor-gladiators-api","timestamp":"2026-01-17 00:56:09"}
{"level":"info","message":"Loading adcreative data for development environment","service":"amafor-gladiators-api","timestamp":"2026-01-17 00:56:09"}
{"level":"info","message":"Successfully seeded 3 adcreative records","service":"amafor-gladiators-api","timestamp":"2026-01-17 00:56:09"}
{"level":"info","message":"Running seeder: payments","service":"amafor-gladiators-api","timestamp":"2026-01-17 00:56:09"}
{"level":"info","message":"Starting Payment seeder for development environment...","service":"amafor-gladiators-api","timestamp":"2026-01-17 00:56:09"}
{"level":"info","message":"Loading Payment data for development environment","service":"amafor-gladiators-api","timestamp":"2026-01-17 00:56:09"}
{"level":"info","message":"Successfully seeded 2 Payment records","service":"amafor-gladiators-api","timestamp":"2026-01-17 00:56:09"}
{"level":"info","message":"Running seeder: leagueStatistics","service":"amafor-gladiators-api","timestamp":"2026-01-17 00:56:09"}
{"level":"info","message":"Starting leaguestatistics seeder for development environment...","service":"amafor-gladiators-api","timestamp":"2026-01-17 00:56:09"}
{"level":"info","message":"Loading leaguestatistics data for development environment","service":"amafor-gladiators-api","timestamp":"2026-01-17 00:56:09"}
{"level":"info","message":"Successfully seeded 2 leaguestatistics records","service":"amafor-gladiators-api","timestamp":"2026-01-17 00:56:09"}
{"level":"info","message":"Running seeder: playerLeagueStatistics","service":"amafor-gladiators-api","timestamp":"2026-01-17 00:56:09"}
{"level":"info","message":"Starting player_league_statistics seeder for development environment...","service":"amafor-gladiators-api","timestamp":"2026-01-17 00:56:09"}
{"level":"info","message":"Loading player_league_statistics data for development environment","service":"amafor-gladiators-api","timestamp":"2026-01-17 00:56:09"}
{"level":"info","message":"Successfully seeded 1 player_league_statistics records","service":"amafor-gladiators-api","timestamp":"2026-01-17 00:56:10"}
{"level":"info","message":"Running seeder: users","service":"amafor-gladiators-api","timestamp":"2026-01-18 03:07:50"}
{"level":"info","message":"Starting user seeder for development environment...","service":"amafor-gladiators-api","timestamp":"2026-01-18 03:07:51"}
{"level":"info","message":"Loading user data for development environment","service":"amafor-gladiators-api","timestamp":"2026-01-18 03:07:51"}
{"level":"info","message":"Successfully seeded 3 user records","service":"amafor-gladiators-api","timestamp":"2026-01-18 03:07:52"}
{"level":"info","message":"Running seeder: patrons","service":"amafor-gladiators-api","timestamp":"2026-01-18 03:07:52"}
{"level":"info","message":"Starting patron seeder for development environment...","service":"amafor-gladiators-api","timestamp":"2026-01-18 03:07:52"}
{"level":"info","message":"Loading patron data for development environment","service":"amafor-gladiators-api","timestamp":"2026-01-18 03:07:52"}
{"level":"info","message":"Successfully seeded 4 patron records","service":"amafor-gladiators-api","timestamp":"2026-01-18 03:07:53"}
{"level":"info","message":"Running seeder: advertisers","service":"amafor-gladiators-api","timestamp":"2026-01-18 03:07:53"}
{"level":"info","message":"Starting advertiser seeder for development environment...","service":"amafor-gladiators-api","timestamp":"2026-01-18 03:07:53"}
{"level":"info","message":"Loading advertiser data for development environment","service":"amafor-gladiators-api","timestamp":"2026-01-18 03:07:53"}
{"level":"info","message":"Successfully seeded 3 advertiser records","service":"amafor-gladiators-api","timestamp":"2026-01-18 03:07:53"}
{"level":"info","message":"Running seeder: adZones","service":"amafor-gladiators-api","timestamp":"2026-01-18 03:07:53"}
{"level":"info","message":"Skipping ad-zones seeder - 4 zones already exist","service":"amafor-gladiators-api","timestamp":"2026-01-18 03:07:53"}
{"level":"info","message":"Running seeder: leagues","service":"amafor-gladiators-api","timestamp":"2026-01-18 03:07:53"}
{"level":"info","message":"Starting league seeder for development environment...","service":"amafor-gladiators-api","timestamp":"2026-01-18 03:07:53"}
{"level":"info","message":"Loading league data for development environment","service":"amafor-gladiators-api","timestamp":"2026-01-18 03:07:53"}
{"level":"info","message":"Successfully seeded 2 league records","service":"amafor-gladiators-api","timestamp":"2026-01-18 03:07:53"}
{"level":"info","message":"Running seeder: rssFeedSources","service":"amafor-gladiators-api","timestamp":"2026-01-18 03:07:53"}
{"level":"info","message":"Starting rssfeedsource seeder for development environment...","service":"amafor-gladiators-api","timestamp":"2026-01-18 03:07:53"}
{"level":"info","message":"Loading rssfeedsource data for development environment","service":"amafor-gladiators-api","timestamp":"2026-01-18 03:07:53"}
{"level":"info","message":"Successfully seeded 3 rssfeedsource records","service":"amafor-gladiators-api","timestamp":"2026-01-18 03:07:53"}
{"level":"info","message":"Running seeder: videos","service":"amafor-gladiators-api","timestamp":"2026-01-18 03:07:53"}
{"level":"info","message":"Starting video seeder for development environment...","service":"amafor-gladiators-api","timestamp":"2026-01-18 03:07:53"}
{"level":"info","message":"Loading video data for development environment","service":"amafor-gladiators-api","timestamp":"2026-01-18 03:07:53"}
{"level":"info","message":"Successfully seeded 4 video records","service":"amafor-gladiators-api","timestamp":"2026-01-18 03:07:53"}
{"level":"info","message":"Running seeder: trialists","service":"amafor-gladiators-api","timestamp":"2026-01-18 03:07:53"}
{"level":"info","message":"Starting trialist seeder for development environment...","service":"amafor-gladiators-api","timestamp":"2026-01-18 03:07:53"}
{"level":"info","message":"Loading trialist data for development environment","service":"amafor-gladiators-api","timestamp":"2026-01-18 03:07:53"}
{"level":"info","message":"Successfully seeded 2 trialist records","service":"amafor-gladiators-api","timestamp":"2026-01-18 03:07:53"}
{"level":"info","message":"Running seeder: academyStaff","service":"amafor-gladiators-api","timestamp":"2026-01-18 03:07:53"}
{"level":"info","message":"Starting academy-staff seeder for development environment...","service":"amafor-gladiators-api","timestamp":"2026-01-18 03:07:53"}
{"level":"info","message":"Loading academy-staff data for development environment","service":"amafor-gladiators-api","timestamp":"2026-01-18 03:07:53"}
{"level":"info","message":"Successfully seeded 3 academy-staff records","service":"amafor-gladiators-api","timestamp":"2026-01-18 03:07:54"}
{"level":"info","message":"Running seeder: coaches","service":"amafor-gladiators-api","timestamp":"2026-01-18 03:07:54"}
{"level":"info","message":"Starting coach seeder for development environment...","service":"amafor-gladiators-api","timestamp":"2026-01-18 03:07:54"}
{"level":"info","message":"Loading coach data for development environment","service":"amafor-gladiators-api","timestamp":"2026-01-18 03:07:54"}
{"level":"info","message":"Successfully seeded 3 coach records","service":"amafor-gladiators-api","timestamp":"2026-01-18 03:07:54"}
{"level":"info","message":"Running seeder: players","service":"amafor-gladiators-api","timestamp":"2026-01-18 03:07:54"}
{"level":"info","message":"Starting player seeder for development environment...","service":"amafor-gladiators-api","timestamp":"2026-01-18 03:07:54"}
{"level":"info","message":"Loading player data for development environment","service":"amafor-gladiators-api","timestamp":"2026-01-18 03:07:54"}
{"level":"info","message":"Successfully seeded 2 player records","service":"amafor-gladiators-api","timestamp":"2026-01-18 03:07:54"}
{"level":"info","message":"Running seeder: patronSubscriptions","service":"amafor-gladiators-api","timestamp":"2026-01-18 03:07:54"}
{"level":"info","message":"Starting patronsubscription seeder for development environment...","service":"amafor-gladiators-api","timestamp":"2026-01-18 03:07:54"}
{"level":"info","message":"Loading patronsubscription data for development environment","service":"amafor-gladiators-api","timestamp":"2026-01-18 03:07:54"}
{"level":"info","message":"Successfully seeded 4 patronsubscription records","service":"amafor-gladiators-api","timestamp":"2026-01-18 03:07:54"}
{"level":"info","message":"Running seeder: adCampaigns","service":"amafor-gladiators-api","timestamp":"2026-01-18 03:07:54"}
{"level":"info","message":"Starting adcampaign seeder for development environment...","service":"amafor-gladiators-api","timestamp":"2026-01-18 03:07:54"}
{"level":"info","message":"Loading adcampaign data for development environment","service":"amafor-gladiators-api","timestamp":"2026-01-18 03:07:54"}
{"level":"info","message":"Successfully seeded 2 adcampaign records","service":"amafor-gladiators-api","timestamp":"2026-01-18 03:07:54"}
{"level":"info","message":"Running seeder: fixtures","service":"amafor-gladiators-api","timestamp":"2026-01-18 03:07:54"}
{"level":"info","message":"Starting fixture seeder for development environment...","service":"amafor-gladiators-api","timestamp":"2026-01-18 03:07:54"}
{"level":"info","message":"Loading fixture data for development environment","service":"amafor-gladiators-api","timestamp":"2026-01-18 03:07:54"}
{"level":"info","message":"Successfully seeded 2 fixture records","service":"amafor-gladiators-api","timestamp":"2026-01-18 03:07:54"}
{"level":"info","message":"Running seeder: thirdPartyArticles","service":"amafor-gladiators-api","timestamp":"2026-01-18 03:07:54"}
{"level":"info","message":"Starting third_party_article seeder for development environment...","service":"amafor-gladiators-api","timestamp":"2026-01-18 03:07:54"}
{"level":"info","message":"Loading third_party_article data for development environment","service":"amafor-gladiators-api","timestamp":"2026-01-18 03:07:54"}
{"level":"info","message":"Successfully seeded 2 third_party_article records","service":"amafor-gladiators-api","timestamp":"2026-01-18 03:07:54"}
{"level":"info","message":"Running seeder: articles","service":"amafor-gladiators-api","timestamp":"2026-01-18 03:07:54"}
{"level":"info","message":"Starting article seeder for development environment...","service":"amafor-gladiators-api","timestamp":"2026-01-18 03:07:54"}
{"level":"info","message":"Loading article data for development environment","service":"amafor-gladiators-api","timestamp":"2026-01-18 03:07:54"}
{"level":"info","message":"Successfully seeded 2 article records","service":"amafor-gladiators-api","timestamp":"2026-01-18 03:07:54"}
{"level":"info","message":"Running seeder: systemNotifications","service":"amafor-gladiators-api","timestamp":"2026-01-18 03:07:54"}
{"level":"info","message":"Starting systemnotification seeder for development environment...","service":"amafor-gladiators-api","timestamp":"2026-01-18 03:07:54"}
{"level":"info","message":"Loading systemnotification data for development environment","service":"amafor-gladiators-api","timestamp":"2026-01-18 03:07:54"}
{"level":"info","message":"Successfully seeded 3 systemnotification records","service":"amafor-gladiators-api","timestamp":"2026-01-18 03:07:54"}
{"level":"info","message":"Running seeder: auditLogs","service":"amafor-gladiators-api","timestamp":"2026-01-18 03:07:54"}
{"level":"info","message":"Starting auditlog seeder for development environment...","service":"amafor-gladiators-api","timestamp":"2026-01-18 03:07:54"}
{"level":"info","message":"Loading auditlog data for development environment","service":"amafor-gladiators-api","timestamp":"2026-01-18 03:07:54"}
{"level":"info","message":"Successfully seeded 2 auditlog records","service":"amafor-gladiators-api","timestamp":"2026-01-18 03:07:54"}
{"level":"info","message":"Running seeder: goals","service":"amafor-gladiators-api","timestamp":"2026-01-18 03:07:54"}
{"level":"info","message":"Starting goal seeder for development environment...","service":"amafor-gladiators-api","timestamp":"2026-01-18 03:07:54"}
{"level":"info","message":"Loading goal data for development environment","service":"amafor-gladiators-api","timestamp":"2026-01-18 03:07:54"}
{"level":"info","message":"Successfully seeded 3 goal records","service":"amafor-gladiators-api","timestamp":"2026-01-18 03:07:55"}
{"level":"info","message":"Running seeder: lineups","service":"amafor-gladiators-api","timestamp":"2026-01-18 03:07:55"}
{"level":"info","message":"Starting lineup seeder for development environment...","service":"amafor-gladiators-api","timestamp":"2026-01-18 03:07:55"}
{"level":"info","message":"Loading lineup data for development environment","service":"amafor-gladiators-api","timestamp":"2026-01-18 03:07:55"}
{"level":"info","message":"Successfully seeded 2 lineup records","service":"amafor-gladiators-api","timestamp":"2026-01-18 03:07:55"}
{"level":"info","message":"Running seeder: matchImages","service":"amafor-gladiators-api","timestamp":"2026-01-18 03:07:55"}
{"level":"info","message":"Starting matchimage seeder for development environment...","service":"amafor-gladiators-api","timestamp":"2026-01-18 03:07:55"}
{"level":"info","message":"Loading matchimage data for development environment","service":"amafor-gladiators-api","timestamp":"2026-01-18 03:07:55"}
{"level":"info","message":"Successfully seeded 2 matchimage records","service":"amafor-gladiators-api","timestamp":"2026-01-18 03:07:55"}
{"level":"info","message":"Running seeder: fixtureStatistics","service":"amafor-gladiators-api","timestamp":"2026-01-18 03:07:55"}
{"level":"info","message":"Starting fixture_statistics seeder for development environment...","service":"amafor-gladiators-api","timestamp":"2026-01-18 03:07:55"}
{"level":"info","message":"Loading fixture_statistics data for development environment","service":"amafor-gladiators-api","timestamp":"2026-01-18 03:07:55"}
{"level":"info","message":"Successfully seeded 1 fixture_statistics records","service":"amafor-gladiators-api","timestamp":"2026-01-18 03:07:55"}
{"level":"info","message":"Running seeder: adCreatives","service":"amafor-gladiators-api","timestamp":"2026-01-18 03:07:55"}
{"level":"info","message":"Starting adcreative seeder for development environment...","service":"amafor-gladiators-api","timestamp":"2026-01-18 03:07:55"}
{"level":"info","message":"Loading adcreative data for development environment","service":"amafor-gladiators-api","timestamp":"2026-01-18 03:07:55"}
{"level":"info","message":"Successfully seeded 3 adcreative records","service":"amafor-gladiators-api","timestamp":"2026-01-18 03:07:55"}
{"level":"info","message":"Running seeder: payments","service":"amafor-gladiators-api","timestamp":"2026-01-18 03:07:55"}
{"level":"info","message":"Starting Payment seeder for development environment...","service":"amafor-gladiators-api","timestamp":"2026-01-18 03:07:55"}
{"level":"info","message":"Loading Payment data for development environment","service":"amafor-gladiators-api","timestamp":"2026-01-18 03:07:55"}
{"level":"info","message":"Successfully seeded 2 Payment records","service":"amafor-gladiators-api","timestamp":"2026-01-18 03:07:56"}
{"level":"info","message":"Running seeder: leagueStatistics","service":"amafor-gladiators-api","timestamp":"2026-01-18 03:07:56"}
{"level":"info","message":"Starting leaguestatistics seeder for development environment...","service":"amafor-gladiators-api","timestamp":"2026-01-18 03:07:56"}
{"level":"info","message":"Loading leaguestatistics data for development environment","service":"amafor-gladiators-api","timestamp":"2026-01-18 03:07:56"}
{"level":"info","message":"Successfully seeded 2 leaguestatistics records","service":"amafor-gladiators-api","timestamp":"2026-01-18 03:07:56"}
{"level":"info","message":"Running seeder: playerLeagueStatistics","service":"amafor-gladiators-api","timestamp":"2026-01-18 03:07:56"}
{"level":"info","message":"Starting player_league_statistics seeder for development environment...","service":"amafor-gladiators-api","timestamp":"2026-01-18 03:07:56"}
{"level":"info","message":"Loading player_league_statistics data for development environment","service":"amafor-gladiators-api","timestamp":"2026-01-18 03:07:56"}
{"level":"info","message":"Successfully seeded 1 player_league_statistics records","service":"amafor-gladiators-api","timestamp":"2026-01-18 03:07:56"}
