src/utils/helpers.ts(195,7): error TS2322: Type 'number' is not assignable to type 'T[keyof T]'.
  'T[keyof T]' could be instantiated with an arbitrary type which could be unrelated to 'number'.
src/utils/helpers.ts(196,7): error TS2322: Type 'number' is not assignable to type 'T[keyof T]'.
  'T[keyof T]' could be instantiated with an arbitrary type which could be unrelated to 'number'.
src/utils/helpers.ts(201,7): error TS2322: Type 'string' is not assignable to type 'T[keyof T]'.
  'T[keyof T]' could be instantiated with an arbitrary type which could be unrelated to 'string'.
src/utils/helpers.ts(202,7): error TS2322: Type 'string' is not assignable to type 'T[keyof T]'.
  'T[keyof T]' could be instantiated with an arbitrary type which could be unrelated to 'string'.
src/utils/security.ts(81,7): error TS2769: No overload matches this call.
  Overload 1 of 5, '(payload: string | object | Buffer<ArrayBufferLike>, secretOrPrivateKey: null, options?: (SignOptions & { algorithm: "none"; }) | undefined): string', gave the following error.
    Type 'string' is not assignable to type 'number | StringValue | undefined'.
  Overload 2 of 5, '(payload: string | object | Buffer<ArrayBufferLike>, secretOrPrivateKey: Buffer<ArrayBufferLike> | Secret | JsonWebKeyInput | PrivateKeyInput, options?: SignOptions | undefined): string', gave the following error.
    Type 'string' is not assignable to type 'number | StringValue | undefined'.
  Overload 3 of 5, '(payload: string | object | Buffer<ArrayBufferLike>, secretOrPrivateKey: Buffer<ArrayBufferLike> | Secret | JsonWebKeyInput | PrivateKeyInput, callback: SignCallback): void', gave the following error.
    Object literal may only specify known properties, and 'expiresIn' does not exist in type 'SignCallback'.
src/utils/security.ts(102,23): error TS2769: No overload matches this call.
  Overload 1 of 5, '(payload: string | object | Buffer<ArrayBufferLike>, secretOrPrivateKey: null, options?: (SignOptions & { algorithm: "none"; }) | undefined): string', gave the following error.
    Argument of type 'Secret' is not assignable to parameter of type 'null'.
      Type 'string' is not assignable to type 'null'.
  Overload 2 of 5, '(payload: string | object | Buffer<ArrayBufferLike>, secretOrPrivateKey: Buffer<ArrayBufferLike> | Secret | JsonWebKeyInput | PrivateKeyInput, options?: SignOptions | undefined): string', gave the following error.
    Type 'string' is not assignable to type 'number | StringValue | undefined'.
  Overload 3 of 5, '(payload: string | object | Buffer<ArrayBufferLike>, secretOrPrivateKey: Buffer<ArrayBufferLike> | Secret | JsonWebKeyInput | PrivateKeyInput, callback: SignCallback): void', gave the following error.
    Object literal may only specify known properties, and 'expiresIn' does not exist in type 'SignCallback'.
